{"/Users/florianamette/Code/mdx-blog/cli/args.ts": {"path":"/Users/florianamette/Code/mdx-blog/cli/args.ts","statementMap":{"0":{"start":{"line":11,"column":15},"end":{"line":11,"column":null}},"1":{"start":{"line":12,"column":68},"end":{"line":12,"column":null}},"2":{"start":{"line":15,"column":2},"end":{"line":17,"column":null}},"3":{"start":{"line":16,"column":4},"end":{"line":16,"column":null}},"4":{"start":{"line":19,"column":2},"end":{"line":150,"column":null}},"5":{"start":{"line":19,"column":15},"end":{"line":19,"column":18}},"6":{"start":{"line":20,"column":16},"end":{"line":20,"column":null}},"7":{"start":{"line":22,"column":4},"end":{"line":149,"column":null}},"8":{"start":{"line":23,"column":6},"end":{"line":23,"column":null}},"9":{"start":{"line":24,"column":6},"end":{"line":26,"column":null}},"10":{"start":{"line":25,"column":8},"end":{"line":25,"column":null}},"11":{"start":{"line":27,"column":4},"end":{"line":149,"column":null}},"12":{"start":{"line":28,"column":6},"end":{"line":32,"column":null}},"13":{"start":{"line":29,"column":8},"end":{"line":29,"column":null}},"14":{"start":{"line":31,"column":8},"end":{"line":31,"column":null}},"15":{"start":{"line":33,"column":4},"end":{"line":149,"column":null}},"16":{"start":{"line":34,"column":6},"end":{"line":38,"column":null}},"17":{"start":{"line":35,"column":8},"end":{"line":35,"column":null}},"18":{"start":{"line":37,"column":8},"end":{"line":37,"column":null}},"19":{"start":{"line":39,"column":4},"end":{"line":149,"column":null}},"20":{"start":{"line":40,"column":6},"end":{"line":44,"column":null}},"21":{"start":{"line":41,"column":8},"end":{"line":41,"column":null}},"22":{"start":{"line":43,"column":8},"end":{"line":43,"column":null}},"23":{"start":{"line":45,"column":4},"end":{"line":149,"column":null}},"24":{"start":{"line":46,"column":6},"end":{"line":50,"column":null}},"25":{"start":{"line":47,"column":8},"end":{"line":47,"column":null}},"26":{"start":{"line":49,"column":8},"end":{"line":49,"column":null}},"27":{"start":{"line":51,"column":4},"end":{"line":149,"column":null}},"28":{"start":{"line":52,"column":6},"end":{"line":56,"column":null}},"29":{"start":{"line":53,"column":8},"end":{"line":53,"column":null}},"30":{"start":{"line":55,"column":8},"end":{"line":55,"column":null}},"31":{"start":{"line":57,"column":4},"end":{"line":149,"column":null}},"32":{"start":{"line":58,"column":6},"end":{"line":62,"column":null}},"33":{"start":{"line":59,"column":8},"end":{"line":59,"column":null}},"34":{"start":{"line":61,"column":8},"end":{"line":61,"column":null}},"35":{"start":{"line":63,"column":4},"end":{"line":149,"column":null}},"36":{"start":{"line":64,"column":6},"end":{"line":64,"column":null}},"37":{"start":{"line":65,"column":4},"end":{"line":149,"column":null}},"38":{"start":{"line":66,"column":6},"end":{"line":66,"column":null}},"39":{"start":{"line":66,"column":24},"end":{"line":66,"column":null}},"40":{"start":{"line":67,"column":6},"end":{"line":71,"column":null}},"41":{"start":{"line":68,"column":8},"end":{"line":68,"column":null}},"42":{"start":{"line":70,"column":8},"end":{"line":70,"column":null}},"43":{"start":{"line":72,"column":4},"end":{"line":149,"column":null}},"44":{"start":{"line":73,"column":6},"end":{"line":73,"column":null}},"45":{"start":{"line":73,"column":24},"end":{"line":73,"column":null}},"46":{"start":{"line":74,"column":6},"end":{"line":78,"column":null}},"47":{"start":{"line":75,"column":8},"end":{"line":75,"column":null}},"48":{"start":{"line":77,"column":8},"end":{"line":77,"column":null}},"49":{"start":{"line":79,"column":4},"end":{"line":149,"column":null}},"50":{"start":{"line":80,"column":6},"end":{"line":80,"column":null}},"51":{"start":{"line":80,"column":24},"end":{"line":80,"column":null}},"52":{"start":{"line":81,"column":25},"end":{"line":81,"column":null}},"53":{"start":{"line":82,"column":25},"end":{"line":82,"column":null}},"54":{"start":{"line":82,"column":56},"end":{"line":82,"column":64}},"55":{"start":{"line":82,"column":78},"end":{"line":82,"column":90}},"56":{"start":{"line":83,"column":6},"end":{"line":87,"column":null}},"57":{"start":{"line":84,"column":8},"end":{"line":84,"column":null}},"58":{"start":{"line":86,"column":8},"end":{"line":86,"column":null}},"59":{"start":{"line":88,"column":4},"end":{"line":149,"column":null}},"60":{"start":{"line":89,"column":6},"end":{"line":89,"column":null}},"61":{"start":{"line":89,"column":24},"end":{"line":89,"column":null}},"62":{"start":{"line":90,"column":25},"end":{"line":90,"column":null}},"63":{"start":{"line":91,"column":25},"end":{"line":91,"column":null}},"64":{"start":{"line":91,"column":56},"end":{"line":91,"column":64}},"65":{"start":{"line":91,"column":78},"end":{"line":91,"column":90}},"66":{"start":{"line":92,"column":6},"end":{"line":96,"column":null}},"67":{"start":{"line":93,"column":8},"end":{"line":93,"column":null}},"68":{"start":{"line":95,"column":8},"end":{"line":95,"column":null}},"69":{"start":{"line":97,"column":4},"end":{"line":149,"column":null}},"70":{"start":{"line":98,"column":6},"end":{"line":98,"column":null}},"71":{"start":{"line":99,"column":4},"end":{"line":149,"column":null}},"72":{"start":{"line":100,"column":6},"end":{"line":100,"column":null}},"73":{"start":{"line":101,"column":4},"end":{"line":149,"column":null}},"74":{"start":{"line":102,"column":6},"end":{"line":102,"column":null}},"75":{"start":{"line":103,"column":4},"end":{"line":149,"column":null}},"76":{"start":{"line":104,"column":6},"end":{"line":104,"column":null}},"77":{"start":{"line":105,"column":4},"end":{"line":149,"column":null}},"78":{"start":{"line":106,"column":6},"end":{"line":106,"column":null}},"79":{"start":{"line":107,"column":4},"end":{"line":149,"column":null}},"80":{"start":{"line":108,"column":6},"end":{"line":108,"column":null}},"81":{"start":{"line":109,"column":4},"end":{"line":149,"column":null}},"82":{"start":{"line":110,"column":6},"end":{"line":112,"column":null}},"83":{"start":{"line":111,"column":8},"end":{"line":111,"column":null}},"84":{"start":{"line":113,"column":6},"end":{"line":113,"column":null}},"85":{"start":{"line":114,"column":4},"end":{"line":149,"column":null}},"86":{"start":{"line":115,"column":6},"end":{"line":117,"column":null}},"87":{"start":{"line":116,"column":8},"end":{"line":116,"column":null}},"88":{"start":{"line":118,"column":6},"end":{"line":118,"column":null}},"89":{"start":{"line":119,"column":4},"end":{"line":149,"column":null}},"90":{"start":{"line":120,"column":6},"end":{"line":122,"column":null}},"91":{"start":{"line":121,"column":8},"end":{"line":121,"column":null}},"92":{"start":{"line":123,"column":6},"end":{"line":123,"column":null}},"93":{"start":{"line":124,"column":4},"end":{"line":149,"column":null}},"94":{"start":{"line":125,"column":6},"end":{"line":127,"column":null}},"95":{"start":{"line":126,"column":8},"end":{"line":126,"column":null}},"96":{"start":{"line":128,"column":6},"end":{"line":128,"column":null}},"97":{"start":{"line":129,"column":4},"end":{"line":149,"column":null}},"98":{"start":{"line":130,"column":6},"end":{"line":132,"column":null}},"99":{"start":{"line":131,"column":8},"end":{"line":131,"column":null}},"100":{"start":{"line":133,"column":6},"end":{"line":133,"column":null}},"101":{"start":{"line":134,"column":4},"end":{"line":149,"column":null}},"102":{"start":{"line":135,"column":6},"end":{"line":137,"column":null}},"103":{"start":{"line":136,"column":8},"end":{"line":136,"column":null}},"104":{"start":{"line":138,"column":6},"end":{"line":138,"column":null}},"105":{"start":{"line":139,"column":4},"end":{"line":149,"column":null}},"106":{"start":{"line":140,"column":6},"end":{"line":142,"column":null}},"107":{"start":{"line":141,"column":8},"end":{"line":141,"column":null}},"108":{"start":{"line":143,"column":6},"end":{"line":143,"column":null}},"109":{"start":{"line":144,"column":4},"end":{"line":149,"column":null}},"110":{"start":{"line":145,"column":6},"end":{"line":147,"column":null}},"111":{"start":{"line":146,"column":8},"end":{"line":146,"column":null}},"112":{"start":{"line":148,"column":6},"end":{"line":148,"column":null}},"113":{"start":{"line":152,"column":2},"end":{"line":152,"column":null}}},"fnMap":{"0":{"name":"parseArgs","decl":{"start":{"line":10,"column":16},"end":{"line":10,"column":79}},"loc":{"start":{"line":10,"column":79},"end":{"line":153,"column":null}},"line":10},"1":{"name":"(anonymous_1)","decl":{"start":{"line":82,"column":51},"end":{"line":82,"column":56}},"loc":{"start":{"line":82,"column":56},"end":{"line":82,"column":64}},"line":82},"2":{"name":"(anonymous_2)","decl":{"start":{"line":82,"column":73},"end":{"line":82,"column":78}},"loc":{"start":{"line":82,"column":78},"end":{"line":82,"column":90}},"line":82},"3":{"name":"(anonymous_3)","decl":{"start":{"line":91,"column":51},"end":{"line":91,"column":56}},"loc":{"start":{"line":91,"column":56},"end":{"line":91,"column":64}},"line":91},"4":{"name":"(anonymous_4)","decl":{"start":{"line":91,"column":73},"end":{"line":91,"column":78}},"loc":{"start":{"line":91,"column":78},"end":{"line":91,"column":90}},"line":91}},"branchMap":{"0":{"loc":{"start":{"line":15,"column":2},"end":{"line":17,"column":null}},"type":"if","locations":[{"start":{"line":15,"column":2},"end":{"line":17,"column":null}},{"start":{},"end":{}}],"line":15},"1":{"loc":{"start":{"line":22,"column":4},"end":{"line":149,"column":null}},"type":"if","locations":[{"start":{"line":22,"column":4},"end":{"line":149,"column":null}},{"start":{"line":27,"column":4},"end":{"line":149,"column":null}}],"line":22},"2":{"loc":{"start":{"line":22,"column":8},"end":{"line":22,"column":53}},"type":"binary-expr","locations":[{"start":{"line":22,"column":8},"end":{"line":22,"column":39}},{"start":{"line":22,"column":39},"end":{"line":22,"column":53}}],"line":22},"3":{"loc":{"start":{"line":24,"column":6},"end":{"line":26,"column":null}},"type":"if","locations":[{"start":{"line":24,"column":6},"end":{"line":26,"column":null}},{"start":{},"end":{}}],"line":24},"4":{"loc":{"start":{"line":27,"column":4},"end":{"line":149,"column":null}},"type":"if","locations":[{"start":{"line":27,"column":4},"end":{"line":149,"column":null}},{"start":{"line":33,"column":4},"end":{"line":149,"column":null}}],"line":27},"5":{"loc":{"start":{"line":31,"column":56},"end":{"line":31,"column":112}},"type":"cond-expr","locations":[{"start":{"line":31,"column":81},"end":{"line":31,"column":97}},{"start":{"line":31,"column":97},"end":{"line":31,"column":112}}],"line":31},"6":{"loc":{"start":{"line":33,"column":4},"end":{"line":149,"column":null}},"type":"if","locations":[{"start":{"line":33,"column":4},"end":{"line":149,"column":null}},{"start":{"line":39,"column":4},"end":{"line":149,"column":null}}],"line":33},"7":{"loc":{"start":{"line":33,"column":15},"end":{"line":33,"column":63}},"type":"binary-expr","locations":[{"start":{"line":33,"column":15},"end":{"line":33,"column":42}},{"start":{"line":33,"column":42},"end":{"line":33,"column":63}}],"line":33},"8":{"loc":{"start":{"line":37,"column":56},"end":{"line":37,"column":112}},"type":"cond-expr","locations":[{"start":{"line":37,"column":81},"end":{"line":37,"column":97}},{"start":{"line":37,"column":97},"end":{"line":37,"column":112}}],"line":37},"9":{"loc":{"start":{"line":39,"column":4},"end":{"line":149,"column":null}},"type":"if","locations":[{"start":{"line":39,"column":4},"end":{"line":149,"column":null}},{"start":{"line":45,"column":4},"end":{"line":149,"column":null}}],"line":39},"10":{"loc":{"start":{"line":43,"column":55},"end":{"line":43,"column":111}},"type":"cond-expr","locations":[{"start":{"line":43,"column":80},"end":{"line":43,"column":96}},{"start":{"line":43,"column":96},"end":{"line":43,"column":111}}],"line":43},"11":{"loc":{"start":{"line":45,"column":4},"end":{"line":149,"column":null}},"type":"if","locations":[{"start":{"line":45,"column":4},"end":{"line":149,"column":null}},{"start":{"line":51,"column":4},"end":{"line":149,"column":null}}],"line":45},"12":{"loc":{"start":{"line":45,"column":15},"end":{"line":45,"column":62}},"type":"binary-expr","locations":[{"start":{"line":45,"column":15},"end":{"line":45,"column":41}},{"start":{"line":45,"column":41},"end":{"line":45,"column":62}}],"line":45},"13":{"loc":{"start":{"line":49,"column":55},"end":{"line":49,"column":111}},"type":"cond-expr","locations":[{"start":{"line":49,"column":80},"end":{"line":49,"column":96}},{"start":{"line":49,"column":96},"end":{"line":49,"column":111}}],"line":49},"14":{"loc":{"start":{"line":51,"column":4},"end":{"line":149,"column":null}},"type":"if","locations":[{"start":{"line":51,"column":4},"end":{"line":149,"column":null}},{"start":{"line":57,"column":4},"end":{"line":149,"column":null}}],"line":51},"15":{"loc":{"start":{"line":55,"column":56},"end":{"line":55,"column":112}},"type":"cond-expr","locations":[{"start":{"line":55,"column":81},"end":{"line":55,"column":97}},{"start":{"line":55,"column":97},"end":{"line":55,"column":112}}],"line":55},"16":{"loc":{"start":{"line":57,"column":4},"end":{"line":149,"column":null}},"type":"if","locations":[{"start":{"line":57,"column":4},"end":{"line":149,"column":null}},{"start":{"line":63,"column":4},"end":{"line":149,"column":null}}],"line":57},"17":{"loc":{"start":{"line":57,"column":15},"end":{"line":57,"column":63}},"type":"binary-expr","locations":[{"start":{"line":57,"column":15},"end":{"line":57,"column":42}},{"start":{"line":57,"column":42},"end":{"line":57,"column":63}}],"line":57},"18":{"loc":{"start":{"line":61,"column":56},"end":{"line":61,"column":112}},"type":"cond-expr","locations":[{"start":{"line":61,"column":81},"end":{"line":61,"column":97}},{"start":{"line":61,"column":97},"end":{"line":61,"column":112}}],"line":61},"19":{"loc":{"start":{"line":63,"column":4},"end":{"line":149,"column":null}},"type":"if","locations":[{"start":{"line":63,"column":4},"end":{"line":149,"column":null}},{"start":{"line":65,"column":4},"end":{"line":149,"column":null}}],"line":63},"20":{"loc":{"start":{"line":65,"column":4},"end":{"line":149,"column":null}},"type":"if","locations":[{"start":{"line":65,"column":4},"end":{"line":149,"column":null}},{"start":{"line":72,"column":4},"end":{"line":149,"column":null}}],"line":65},"21":{"loc":{"start":{"line":66,"column":6},"end":{"line":66,"column":null}},"type":"if","locations":[{"start":{"line":66,"column":6},"end":{"line":66,"column":null}},{"start":{},"end":{}}],"line":66},"22":{"loc":{"start":{"line":70,"column":58},"end":{"line":70,"column":114}},"type":"cond-expr","locations":[{"start":{"line":70,"column":83},"end":{"line":70,"column":99}},{"start":{"line":70,"column":99},"end":{"line":70,"column":114}}],"line":70},"23":{"loc":{"start":{"line":72,"column":4},"end":{"line":149,"column":null}},"type":"if","locations":[{"start":{"line":72,"column":4},"end":{"line":149,"column":null}},{"start":{"line":79,"column":4},"end":{"line":149,"column":null}}],"line":72},"24":{"loc":{"start":{"line":72,"column":15},"end":{"line":72,"column":65}},"type":"binary-expr","locations":[{"start":{"line":72,"column":15},"end":{"line":72,"column":44}},{"start":{"line":72,"column":44},"end":{"line":72,"column":65}}],"line":72},"25":{"loc":{"start":{"line":73,"column":6},"end":{"line":73,"column":null}},"type":"if","locations":[{"start":{"line":73,"column":6},"end":{"line":73,"column":null}},{"start":{},"end":{}}],"line":73},"26":{"loc":{"start":{"line":77,"column":58},"end":{"line":77,"column":114}},"type":"cond-expr","locations":[{"start":{"line":77,"column":83},"end":{"line":77,"column":99}},{"start":{"line":77,"column":99},"end":{"line":77,"column":114}}],"line":77},"27":{"loc":{"start":{"line":79,"column":4},"end":{"line":149,"column":null}},"type":"if","locations":[{"start":{"line":79,"column":4},"end":{"line":149,"column":null}},{"start":{"line":88,"column":4},"end":{"line":149,"column":null}}],"line":79},"28":{"loc":{"start":{"line":80,"column":6},"end":{"line":80,"column":null}},"type":"if","locations":[{"start":{"line":80,"column":6},"end":{"line":80,"column":null}},{"start":{},"end":{}}],"line":80},"29":{"loc":{"start":{"line":86,"column":52},"end":{"line":86,"column":108}},"type":"cond-expr","locations":[{"start":{"line":86,"column":77},"end":{"line":86,"column":93}},{"start":{"line":86,"column":93},"end":{"line":86,"column":108}}],"line":86},"30":{"loc":{"start":{"line":88,"column":4},"end":{"line":149,"column":null}},"type":"if","locations":[{"start":{"line":88,"column":4},"end":{"line":149,"column":null}},{"start":{"line":97,"column":4},"end":{"line":149,"column":null}}],"line":88},"31":{"loc":{"start":{"line":88,"column":15},"end":{"line":88,"column":59}},"type":"binary-expr","locations":[{"start":{"line":88,"column":15},"end":{"line":88,"column":38}},{"start":{"line":88,"column":38},"end":{"line":88,"column":59}}],"line":88},"32":{"loc":{"start":{"line":89,"column":6},"end":{"line":89,"column":null}},"type":"if","locations":[{"start":{"line":89,"column":6},"end":{"line":89,"column":null}},{"start":{},"end":{}}],"line":89},"33":{"loc":{"start":{"line":95,"column":52},"end":{"line":95,"column":108}},"type":"cond-expr","locations":[{"start":{"line":95,"column":77},"end":{"line":95,"column":93}},{"start":{"line":95,"column":93},"end":{"line":95,"column":108}}],"line":95},"34":{"loc":{"start":{"line":97,"column":4},"end":{"line":149,"column":null}},"type":"if","locations":[{"start":{"line":97,"column":4},"end":{"line":149,"column":null}},{"start":{"line":99,"column":4},"end":{"line":149,"column":null}}],"line":97},"35":{"loc":{"start":{"line":99,"column":4},"end":{"line":149,"column":null}},"type":"if","locations":[{"start":{"line":99,"column":4},"end":{"line":149,"column":null}},{"start":{"line":101,"column":4},"end":{"line":149,"column":null}}],"line":99},"36":{"loc":{"start":{"line":101,"column":4},"end":{"line":149,"column":null}},"type":"if","locations":[{"start":{"line":101,"column":4},"end":{"line":149,"column":null}},{"start":{"line":103,"column":4},"end":{"line":149,"column":null}}],"line":101},"37":{"loc":{"start":{"line":103,"column":4},"end":{"line":149,"column":null}},"type":"if","locations":[{"start":{"line":103,"column":4},"end":{"line":149,"column":null}},{"start":{"line":105,"column":4},"end":{"line":149,"column":null}}],"line":103},"38":{"loc":{"start":{"line":105,"column":4},"end":{"line":149,"column":null}},"type":"if","locations":[{"start":{"line":105,"column":4},"end":{"line":149,"column":null}},{"start":{"line":107,"column":4},"end":{"line":149,"column":null}}],"line":105},"39":{"loc":{"start":{"line":107,"column":4},"end":{"line":149,"column":null}},"type":"if","locations":[{"start":{"line":107,"column":4},"end":{"line":149,"column":null}},{"start":{"line":109,"column":4},"end":{"line":149,"column":null}}],"line":107},"40":{"loc":{"start":{"line":109,"column":4},"end":{"line":149,"column":null}},"type":"if","locations":[{"start":{"line":109,"column":4},"end":{"line":149,"column":null}},{"start":{"line":114,"column":4},"end":{"line":149,"column":null}}],"line":109},"41":{"loc":{"start":{"line":110,"column":6},"end":{"line":112,"column":null}},"type":"if","locations":[{"start":{"line":110,"column":6},"end":{"line":112,"column":null}},{"start":{},"end":{}}],"line":110},"42":{"loc":{"start":{"line":114,"column":4},"end":{"line":149,"column":null}},"type":"if","locations":[{"start":{"line":114,"column":4},"end":{"line":149,"column":null}},{"start":{"line":119,"column":4},"end":{"line":149,"column":null}}],"line":114},"43":{"loc":{"start":{"line":114,"column":15},"end":{"line":114,"column":61}},"type":"binary-expr","locations":[{"start":{"line":114,"column":15},"end":{"line":114,"column":40}},{"start":{"line":114,"column":40},"end":{"line":114,"column":61}}],"line":114},"44":{"loc":{"start":{"line":115,"column":6},"end":{"line":117,"column":null}},"type":"if","locations":[{"start":{"line":115,"column":6},"end":{"line":117,"column":null}},{"start":{},"end":{}}],"line":115},"45":{"loc":{"start":{"line":119,"column":4},"end":{"line":149,"column":null}},"type":"if","locations":[{"start":{"line":119,"column":4},"end":{"line":149,"column":null}},{"start":{"line":124,"column":4},"end":{"line":149,"column":null}}],"line":119},"46":{"loc":{"start":{"line":120,"column":6},"end":{"line":122,"column":null}},"type":"if","locations":[{"start":{"line":120,"column":6},"end":{"line":122,"column":null}},{"start":{},"end":{}}],"line":120},"47":{"loc":{"start":{"line":124,"column":4},"end":{"line":149,"column":null}},"type":"if","locations":[{"start":{"line":124,"column":4},"end":{"line":149,"column":null}},{"start":{"line":129,"column":4},"end":{"line":149,"column":null}}],"line":124},"48":{"loc":{"start":{"line":124,"column":15},"end":{"line":124,"column":60}},"type":"binary-expr","locations":[{"start":{"line":124,"column":15},"end":{"line":124,"column":39}},{"start":{"line":124,"column":39},"end":{"line":124,"column":60}}],"line":124},"49":{"loc":{"start":{"line":125,"column":6},"end":{"line":127,"column":null}},"type":"if","locations":[{"start":{"line":125,"column":6},"end":{"line":127,"column":null}},{"start":{},"end":{}}],"line":125},"50":{"loc":{"start":{"line":129,"column":4},"end":{"line":149,"column":null}},"type":"if","locations":[{"start":{"line":129,"column":4},"end":{"line":149,"column":null}},{"start":{"line":134,"column":4},"end":{"line":149,"column":null}}],"line":129},"51":{"loc":{"start":{"line":130,"column":6},"end":{"line":132,"column":null}},"type":"if","locations":[{"start":{"line":130,"column":6},"end":{"line":132,"column":null}},{"start":{},"end":{}}],"line":130},"52":{"loc":{"start":{"line":134,"column":4},"end":{"line":149,"column":null}},"type":"if","locations":[{"start":{"line":134,"column":4},"end":{"line":149,"column":null}},{"start":{"line":139,"column":4},"end":{"line":149,"column":null}}],"line":134},"53":{"loc":{"start":{"line":134,"column":15},"end":{"line":134,"column":58}},"type":"binary-expr","locations":[{"start":{"line":134,"column":15},"end":{"line":134,"column":37}},{"start":{"line":134,"column":37},"end":{"line":134,"column":58}}],"line":134},"54":{"loc":{"start":{"line":135,"column":6},"end":{"line":137,"column":null}},"type":"if","locations":[{"start":{"line":135,"column":6},"end":{"line":137,"column":null}},{"start":{},"end":{}}],"line":135},"55":{"loc":{"start":{"line":139,"column":4},"end":{"line":149,"column":null}},"type":"if","locations":[{"start":{"line":139,"column":4},"end":{"line":149,"column":null}},{"start":{"line":144,"column":4},"end":{"line":149,"column":null}}],"line":139},"56":{"loc":{"start":{"line":140,"column":6},"end":{"line":142,"column":null}},"type":"if","locations":[{"start":{"line":140,"column":6},"end":{"line":142,"column":null}},{"start":{},"end":{}}],"line":140},"57":{"loc":{"start":{"line":144,"column":4},"end":{"line":149,"column":null}},"type":"if","locations":[{"start":{"line":144,"column":4},"end":{"line":149,"column":null}},{"start":{},"end":{}}],"line":144},"58":{"loc":{"start":{"line":144,"column":15},"end":{"line":144,"column":59}},"type":"binary-expr","locations":[{"start":{"line":144,"column":15},"end":{"line":144,"column":38}},{"start":{"line":144,"column":38},"end":{"line":144,"column":59}}],"line":144},"59":{"loc":{"start":{"line":145,"column":6},"end":{"line":147,"column":null}},"type":"if","locations":[{"start":{"line":145,"column":6},"end":{"line":147,"column":null}},{"start":{},"end":{}}],"line":145}},"s":{"0":28,"1":28,"2":28,"3":0,"4":28,"5":28,"6":48,"7":48,"8":3,"9":3,"10":0,"11":45,"12":2,"13":2,"14":0,"15":43,"16":1,"17":1,"18":0,"19":42,"20":2,"21":2,"22":0,"23":40,"24":0,"25":0,"26":0,"27":40,"28":1,"29":1,"30":0,"31":39,"32":0,"33":0,"34":0,"35":39,"36":11,"37":28,"38":3,"39":1,"40":3,"41":3,"42":0,"43":25,"44":1,"45":0,"46":1,"47":1,"48":0,"49":24,"50":8,"51":1,"52":8,"53":8,"54":23,"55":23,"56":8,"57":8,"58":0,"59":16,"60":1,"61":0,"62":1,"63":1,"64":3,"65":3,"66":1,"67":1,"68":0,"69":15,"70":1,"71":14,"72":1,"73":13,"74":1,"75":12,"76":1,"77":11,"78":1,"79":10,"80":1,"81":9,"82":2,"83":2,"84":2,"85":7,"86":1,"87":1,"88":1,"89":6,"90":1,"91":0,"92":1,"93":5,"94":1,"95":0,"96":1,"97":4,"98":1,"99":0,"100":1,"101":3,"102":1,"103":0,"104":1,"105":2,"106":1,"107":0,"108":1,"109":1,"110":1,"111":0,"112":1,"113":48},"f":{"0":28,"1":23,"2":23,"3":3,"4":3},"b":{"0":[0,28],"1":[3,45],"2":[48,46],"3":[0,3],"4":[2,43],"5":[0,0],"6":[1,42],"7":[43,1],"8":[0,0],"9":[2,40],"10":[0,0],"11":[0,40],"12":[40,0],"13":[0,0],"14":[1,39],"15":[0,0],"16":[0,39],"17":[39,0],"18":[0,0],"19":[11,28],"20":[3,25],"21":[1,2],"22":[0,0],"23":[1,24],"24":[25,1],"25":[0,1],"26":[0,0],"27":[8,16],"28":[1,7],"29":[0,0],"30":[1,15],"31":[16,1],"32":[0,1],"33":[0,0],"34":[1,14],"35":[1,13],"36":[1,12],"37":[1,11],"38":[1,10],"39":[1,9],"40":[2,7],"41":[2,0],"42":[1,6],"43":[7,1],"44":[1,0],"45":[1,5],"46":[0,1],"47":[1,4],"48":[5,1],"49":[0,1],"50":[1,3],"51":[0,1],"52":[1,2],"53":[3,1],"54":[0,1],"55":[1,1],"56":[0,1],"57":[1,0],"58":[1,1],"59":[0,1]},"meta":{"lastBranch":60,"lastFunction":5,"lastStatement":114,"seen":{"f:10:16:10:79":0,"s:11:15:11:Infinity":0,"s:12:68:12:Infinity":1,"b:15:2:17:Infinity:undefined:undefined:undefined:undefined":0,"s:15:2:17:Infinity":2,"s:16:4:16:Infinity":3,"s:19:2:150:Infinity":4,"s:19:15:19:18":5,"s:20:16:20:Infinity":6,"b:22:4:149:Infinity:27:4:149:Infinity":1,"s:22:4:149:Infinity":7,"b:22:8:22:39:22:39:22:53":2,"s:23:6:23:Infinity":8,"b:24:6:26:Infinity:undefined:undefined:undefined:undefined":3,"s:24:6:26:Infinity":9,"s:25:8:25:Infinity":10,"b:27:4:149:Infinity:33:4:149:Infinity":4,"s:27:4:149:Infinity":11,"s:28:6:32:Infinity":12,"s:29:8:29:Infinity":13,"s:31:8:31:Infinity":14,"b:31:81:31:97:31:97:31:112":5,"b:33:4:149:Infinity:39:4:149:Infinity":6,"s:33:4:149:Infinity":15,"b:33:15:33:42:33:42:33:63":7,"s:34:6:38:Infinity":16,"s:35:8:35:Infinity":17,"s:37:8:37:Infinity":18,"b:37:81:37:97:37:97:37:112":8,"b:39:4:149:Infinity:45:4:149:Infinity":9,"s:39:4:149:Infinity":19,"s:40:6:44:Infinity":20,"s:41:8:41:Infinity":21,"s:43:8:43:Infinity":22,"b:43:80:43:96:43:96:43:111":10,"b:45:4:149:Infinity:51:4:149:Infinity":11,"s:45:4:149:Infinity":23,"b:45:15:45:41:45:41:45:62":12,"s:46:6:50:Infinity":24,"s:47:8:47:Infinity":25,"s:49:8:49:Infinity":26,"b:49:80:49:96:49:96:49:111":13,"b:51:4:149:Infinity:57:4:149:Infinity":14,"s:51:4:149:Infinity":27,"s:52:6:56:Infinity":28,"s:53:8:53:Infinity":29,"s:55:8:55:Infinity":30,"b:55:81:55:97:55:97:55:112":15,"b:57:4:149:Infinity:63:4:149:Infinity":16,"s:57:4:149:Infinity":31,"b:57:15:57:42:57:42:57:63":17,"s:58:6:62:Infinity":32,"s:59:8:59:Infinity":33,"s:61:8:61:Infinity":34,"b:61:81:61:97:61:97:61:112":18,"b:63:4:149:Infinity:65:4:149:Infinity":19,"s:63:4:149:Infinity":35,"s:64:6:64:Infinity":36,"b:65:4:149:Infinity:72:4:149:Infinity":20,"s:65:4:149:Infinity":37,"b:66:6:66:Infinity:undefined:undefined:undefined:undefined":21,"s:66:6:66:Infinity":38,"s:66:24:66:Infinity":39,"s:67:6:71:Infinity":40,"s:68:8:68:Infinity":41,"s:70:8:70:Infinity":42,"b:70:83:70:99:70:99:70:114":22,"b:72:4:149:Infinity:79:4:149:Infinity":23,"s:72:4:149:Infinity":43,"b:72:15:72:44:72:44:72:65":24,"b:73:6:73:Infinity:undefined:undefined:undefined:undefined":25,"s:73:6:73:Infinity":44,"s:73:24:73:Infinity":45,"s:74:6:78:Infinity":46,"s:75:8:75:Infinity":47,"s:77:8:77:Infinity":48,"b:77:83:77:99:77:99:77:114":26,"b:79:4:149:Infinity:88:4:149:Infinity":27,"s:79:4:149:Infinity":49,"b:80:6:80:Infinity:undefined:undefined:undefined:undefined":28,"s:80:6:80:Infinity":50,"s:80:24:80:Infinity":51,"s:81:25:81:Infinity":52,"s:82:25:82:Infinity":53,"f:82:51:82:56":1,"s:82:56:82:64":54,"f:82:73:82:78":2,"s:82:78:82:90":55,"s:83:6:87:Infinity":56,"s:84:8:84:Infinity":57,"s:86:8:86:Infinity":58,"b:86:77:86:93:86:93:86:108":29,"b:88:4:149:Infinity:97:4:149:Infinity":30,"s:88:4:149:Infinity":59,"b:88:15:88:38:88:38:88:59":31,"b:89:6:89:Infinity:undefined:undefined:undefined:undefined":32,"s:89:6:89:Infinity":60,"s:89:24:89:Infinity":61,"s:90:25:90:Infinity":62,"s:91:25:91:Infinity":63,"f:91:51:91:56":3,"s:91:56:91:64":64,"f:91:73:91:78":4,"s:91:78:91:90":65,"s:92:6:96:Infinity":66,"s:93:8:93:Infinity":67,"s:95:8:95:Infinity":68,"b:95:77:95:93:95:93:95:108":33,"b:97:4:149:Infinity:99:4:149:Infinity":34,"s:97:4:149:Infinity":69,"s:98:6:98:Infinity":70,"b:99:4:149:Infinity:101:4:149:Infinity":35,"s:99:4:149:Infinity":71,"s:100:6:100:Infinity":72,"b:101:4:149:Infinity:103:4:149:Infinity":36,"s:101:4:149:Infinity":73,"s:102:6:102:Infinity":74,"b:103:4:149:Infinity:105:4:149:Infinity":37,"s:103:4:149:Infinity":75,"s:104:6:104:Infinity":76,"b:105:4:149:Infinity:107:4:149:Infinity":38,"s:105:4:149:Infinity":77,"s:106:6:106:Infinity":78,"b:107:4:149:Infinity:109:4:149:Infinity":39,"s:107:4:149:Infinity":79,"s:108:6:108:Infinity":80,"b:109:4:149:Infinity:114:4:149:Infinity":40,"s:109:4:149:Infinity":81,"b:110:6:112:Infinity:undefined:undefined:undefined:undefined":41,"s:110:6:112:Infinity":82,"s:111:8:111:Infinity":83,"s:113:6:113:Infinity":84,"b:114:4:149:Infinity:119:4:149:Infinity":42,"s:114:4:149:Infinity":85,"b:114:15:114:40:114:40:114:61":43,"b:115:6:117:Infinity:undefined:undefined:undefined:undefined":44,"s:115:6:117:Infinity":86,"s:116:8:116:Infinity":87,"s:118:6:118:Infinity":88,"b:119:4:149:Infinity:124:4:149:Infinity":45,"s:119:4:149:Infinity":89,"b:120:6:122:Infinity:undefined:undefined:undefined:undefined":46,"s:120:6:122:Infinity":90,"s:121:8:121:Infinity":91,"s:123:6:123:Infinity":92,"b:124:4:149:Infinity:129:4:149:Infinity":47,"s:124:4:149:Infinity":93,"b:124:15:124:39:124:39:124:60":48,"b:125:6:127:Infinity:undefined:undefined:undefined:undefined":49,"s:125:6:127:Infinity":94,"s:126:8:126:Infinity":95,"s:128:6:128:Infinity":96,"b:129:4:149:Infinity:134:4:149:Infinity":50,"s:129:4:149:Infinity":97,"b:130:6:132:Infinity:undefined:undefined:undefined:undefined":51,"s:130:6:132:Infinity":98,"s:131:8:131:Infinity":99,"s:133:6:133:Infinity":100,"b:134:4:149:Infinity:139:4:149:Infinity":52,"s:134:4:149:Infinity":101,"b:134:15:134:37:134:37:134:58":53,"b:135:6:137:Infinity:undefined:undefined:undefined:undefined":54,"s:135:6:137:Infinity":102,"s:136:8:136:Infinity":103,"s:138:6:138:Infinity":104,"b:139:4:149:Infinity:144:4:149:Infinity":55,"s:139:4:149:Infinity":105,"b:140:6:142:Infinity:undefined:undefined:undefined:undefined":56,"s:140:6:142:Infinity":106,"s:141:8:141:Infinity":107,"s:143:6:143:Infinity":108,"b:144:4:149:Infinity:undefined:undefined:undefined:undefined":57,"s:144:4:149:Infinity":109,"b:144:15:144:38:144:38:144:59":58,"b:145:6:147:Infinity:undefined:undefined:undefined:undefined":59,"s:145:6:147:Infinity":110,"s:146:8:146:Infinity":111,"s:148:6:148:Infinity":112,"s:152:2:152:Infinity":113}}}
,"/Users/florianamette/Code/mdx-blog/cli/templates.ts": {"path":"/Users/florianamette/Code/mdx-blog/cli/templates.ts","statementMap":{"0":{"start":{"line":12,"column":2},"end":{"line":12,"column":null}},"1":{"start":{"line":23,"column":23},"end":{"line":23,"column":null}},"2":{"start":{"line":24,"column":23},"end":{"line":24,"column":null}},"3":{"start":{"line":26,"column":2},"end":{"line":28,"column":null}},"4":{"start":{"line":27,"column":4},"end":{"line":27,"column":null}},"5":{"start":{"line":30,"column":16},"end":{"line":30,"column":null}},"6":{"start":{"line":33,"column":2},"end":{"line":36,"column":null}},"7":{"start":{"line":34,"column":18},"end":{"line":34,"column":null}},"8":{"start":{"line":35,"column":4},"end":{"line":35,"column":null}},"9":{"start":{"line":38,"column":2},"end":{"line":38,"column":null}},"10":{"start":{"line":49,"column":23},"end":{"line":51,"column":null}},"11":{"start":{"line":54,"column":23},"end":{"line":54,"column":null}},"12":{"start":{"line":55,"column":29},"end":{"line":55,"column":null}},"13":{"start":{"line":57,"column":28},"end":{"line":59,"column":null}},"14":{"start":{"line":61,"column":2},"end":{"line":63,"column":null}}},"fnMap":{"0":{"name":"getTemplatesDir","decl":{"start":{"line":10,"column":16},"end":{"line":10,"column":42}},"loc":{"start":{"line":10,"column":42},"end":{"line":13,"column":null}},"line":10},"1":{"name":"loadTemplate","decl":{"start":{"line":22,"column":16},"end":{"line":22,"column":29}},"loc":{"start":{"line":22,"column":97},"end":{"line":39,"column":null}},"line":22},"2":{"name":"generateExamplePost","decl":{"start":{"line":47,"column":16},"end":{"line":47,"column":36}},"loc":{"start":{"line":47,"column":81},"end":{"line":64,"column":null}},"line":47}},"branchMap":{"0":{"loc":{"start":{"line":26,"column":2},"end":{"line":28,"column":null}},"type":"if","locations":[{"start":{"line":26,"column":2},"end":{"line":28,"column":null}},{"start":{},"end":{}}],"line":26},"1":{"loc":{"start":{"line":49,"column":23},"end":{"line":51,"column":null}},"type":"cond-expr","locations":[{"start":{"line":50,"column":6},"end":{"line":50,"column":null}},{"start":{"line":51,"column":6},"end":{"line":51,"column":null}}],"line":49},"2":{"loc":{"start":{"line":49,"column":23},"end":{"line":49,"column":null}},"type":"binary-expr","locations":[{"start":{"line":49,"column":23},"end":{"line":49,"column":33}},{"start":{"line":49,"column":33},"end":{"line":49,"column":null}}],"line":49},"3":{"loc":{"start":{"line":57,"column":28},"end":{"line":59,"column":null}},"type":"cond-expr","locations":[{"start":{"line":58,"column":6},"end":{"line":58,"column":null}},{"start":{"line":59,"column":6},"end":{"line":59,"column":null}}],"line":57}},"s":{"0":12,"1":6,"2":6,"3":6,"4":0,"5":6,"6":6,"7":6,"8":6,"9":6,"10":6,"11":6,"12":6,"13":6,"14":6},"f":{"0":12,"1":6,"2":6},"b":{"0":[0,6],"1":[3,3],"2":[6,5],"3":[5,1]},"meta":{"lastBranch":4,"lastFunction":3,"lastStatement":15,"seen":{"f:10:16:10:42":0,"s:12:2:12:Infinity":0,"f:22:16:22:29":1,"s:23:23:23:Infinity":1,"s:24:23:24:Infinity":2,"b:26:2:28:Infinity:undefined:undefined:undefined:undefined":0,"s:26:2:28:Infinity":3,"s:27:4:27:Infinity":4,"s:30:16:30:Infinity":5,"s:33:2:36:Infinity":6,"s:34:18:34:Infinity":7,"s:35:4:35:Infinity":8,"s:38:2:38:Infinity":9,"f:47:16:47:36":2,"s:49:23:51:Infinity":10,"b:50:6:50:Infinity:51:6:51:Infinity":1,"b:49:23:49:33:49:33:49:Infinity":2,"s:54:23:54:Infinity":11,"s:55:29:55:Infinity":12,"s:57:28:59:Infinity":13,"b:58:6:58:Infinity:59:6:59:Infinity":3,"s:61:2:63:Infinity":14}}}
,"/Users/florianamette/Code/mdx-blog/cli/validation.ts": {"path":"/Users/florianamette/Code/mdx-blog/cli/validation.ts","statementMap":{"0":{"start":{"line":19,"column":2},"end":{"line":21,"column":null}},"1":{"start":{"line":20,"column":4},"end":{"line":20,"column":null}},"2":{"start":{"line":24,"column":2},"end":{"line":26,"column":null}},"3":{"start":{"line":25,"column":4},"end":{"line":25,"column":null}},"4":{"start":{"line":29,"column":2},"end":{"line":31,"column":null}},"5":{"start":{"line":30,"column":4},"end":{"line":30,"column":null}},"6":{"start":{"line":33,"column":18},"end":{"line":33,"column":null}},"7":{"start":{"line":35,"column":2},"end":{"line":37,"column":null}},"8":{"start":{"line":36,"column":4},"end":{"line":36,"column":null}},"9":{"start":{"line":40,"column":2},"end":{"line":42,"column":null}},"10":{"start":{"line":41,"column":4},"end":{"line":41,"column":null}},"11":{"start":{"line":45,"column":2},"end":{"line":47,"column":null}},"12":{"start":{"line":46,"column":4},"end":{"line":46,"column":null}},"13":{"start":{"line":50,"column":2},"end":{"line":52,"column":null}},"14":{"start":{"line":51,"column":4},"end":{"line":51,"column":null}},"15":{"start":{"line":54,"column":2},"end":{"line":54,"column":null}},"16":{"start":{"line":65,"column":2},"end":{"line":67,"column":null}},"17":{"start":{"line":66,"column":4},"end":{"line":66,"column":null}},"18":{"start":{"line":69,"column":18},"end":{"line":69,"column":null}},"19":{"start":{"line":71,"column":2},"end":{"line":73,"column":null}},"20":{"start":{"line":72,"column":4},"end":{"line":72,"column":null}},"21":{"start":{"line":76,"column":2},"end":{"line":78,"column":null}},"22":{"start":{"line":77,"column":4},"end":{"line":77,"column":null}},"23":{"start":{"line":81,"column":2},"end":{"line":83,"column":null}},"24":{"start":{"line":82,"column":4},"end":{"line":82,"column":null}},"25":{"start":{"line":87,"column":25},"end":{"line":87,"column":null}},"26":{"start":{"line":89,"column":2},"end":{"line":91,"column":null}},"27":{"start":{"line":90,"column":4},"end":{"line":90,"column":null}},"28":{"start":{"line":93,"column":2},"end":{"line":93,"column":null}},"29":{"start":{"line":104,"column":2},"end":{"line":106,"column":null}},"30":{"start":{"line":105,"column":4},"end":{"line":105,"column":null}},"31":{"start":{"line":109,"column":2},"end":{"line":111,"column":null}},"32":{"start":{"line":110,"column":4},"end":{"line":110,"column":null}},"33":{"start":{"line":114,"column":2},"end":{"line":116,"column":null}},"34":{"start":{"line":115,"column":4},"end":{"line":115,"column":null}},"35":{"start":{"line":118,"column":18},"end":{"line":118,"column":null}},"36":{"start":{"line":120,"column":2},"end":{"line":122,"column":null}},"37":{"start":{"line":121,"column":4},"end":{"line":121,"column":null}},"38":{"start":{"line":125,"column":2},"end":{"line":127,"column":null}},"39":{"start":{"line":126,"column":4},"end":{"line":126,"column":null}},"40":{"start":{"line":130,"column":2},"end":{"line":132,"column":null}},"41":{"start":{"line":131,"column":4},"end":{"line":131,"column":null}},"42":{"start":{"line":137,"column":22},"end":{"line":137,"column":null}},"43":{"start":{"line":139,"column":2},"end":{"line":144,"column":null}},"44":{"start":{"line":143,"column":4},"end":{"line":143,"column":null}},"45":{"start":{"line":146,"column":2},"end":{"line":146,"column":null}},"46":{"start":{"line":156,"column":2},"end":{"line":158,"column":null}},"47":{"start":{"line":157,"column":4},"end":{"line":157,"column":null}},"48":{"start":{"line":160,"column":2},"end":{"line":162,"column":null}},"49":{"start":{"line":161,"column":4},"end":{"line":161,"column":null}},"50":{"start":{"line":164,"column":2},"end":{"line":170,"column":null}},"51":{"start":{"line":165,"column":4},"end":{"line":169,"column":null}},"52":{"start":{"line":166,"column":6},"end":{"line":166,"column":null}},"53":{"start":{"line":168,"column":6},"end":{"line":168,"column":null}},"54":{"start":{"line":182,"column":2},"end":{"line":182,"column":null}}},"fnMap":{"0":{"name":"validatePath","decl":{"start":{"line":14,"column":16},"end":{"line":14,"column":null}},"loc":{"start":{"line":18,"column":10},"end":{"line":55,"column":null}},"line":18},"1":{"name":"validateRouteName","decl":{"start":{"line":64,"column":16},"end":{"line":64,"column":34}},"loc":{"start":{"line":64,"column":61},"end":{"line":94,"column":null}},"line":64},"2":{"name":"validateLocale","decl":{"start":{"line":103,"column":16},"end":{"line":103,"column":31}},"loc":{"start":{"line":103,"column":55},"end":{"line":147,"column":null}},"line":103},"3":{"name":"validateLocales","decl":{"start":{"line":155,"column":16},"end":{"line":155,"column":32}},"loc":{"start":{"line":155,"column":61},"end":{"line":171,"column":null}},"line":155},"4":{"name":"(anonymous_4)","decl":{"start":{"line":164,"column":21},"end":{"line":164,"column":22}},"loc":{"start":{"line":164,"column":40},"end":{"line":170,"column":3}},"line":164},"5":{"name":"validateLocaleFolder","decl":{"start":{"line":179,"column":16},"end":{"line":179,"column":37}},"loc":{"start":{"line":179,"column":67},"end":{"line":183,"column":null}},"line":179}},"branchMap":{"0":{"loc":{"start":{"line":16,"column":2},"end":{"line":16,"column":null}},"type":"default-arg","locations":[{"start":{"line":16,"column":27},"end":{"line":16,"column":null}}],"line":16},"1":{"loc":{"start":{"line":17,"column":2},"end":{"line":17,"column":null}},"type":"default-arg","locations":[{"start":{"line":17,"column":33},"end":{"line":17,"column":null}}],"line":17},"2":{"loc":{"start":{"line":19,"column":2},"end":{"line":21,"column":null}},"type":"if","locations":[{"start":{"line":19,"column":2},"end":{"line":21,"column":null}},{"start":{},"end":{}}],"line":19},"3":{"loc":{"start":{"line":19,"column":6},"end":{"line":19,"column":51}},"type":"binary-expr","locations":[{"start":{"line":19,"column":6},"end":{"line":19,"column":20}},{"start":{"line":19,"column":20},"end":{"line":19,"column":51}}],"line":19},"4":{"loc":{"start":{"line":24,"column":2},"end":{"line":26,"column":null}},"type":"if","locations":[{"start":{"line":24,"column":2},"end":{"line":26,"column":null}},{"start":{},"end":{}}],"line":24},"5":{"loc":{"start":{"line":29,"column":2},"end":{"line":31,"column":null}},"type":"if","locations":[{"start":{"line":29,"column":2},"end":{"line":31,"column":null}},{"start":{},"end":{}}],"line":29},"6":{"loc":{"start":{"line":35,"column":2},"end":{"line":37,"column":null}},"type":"if","locations":[{"start":{"line":35,"column":2},"end":{"line":37,"column":null}},{"start":{},"end":{}}],"line":35},"7":{"loc":{"start":{"line":40,"column":2},"end":{"line":42,"column":null}},"type":"if","locations":[{"start":{"line":40,"column":2},"end":{"line":42,"column":null}},{"start":{},"end":{}}],"line":40},"8":{"loc":{"start":{"line":45,"column":2},"end":{"line":47,"column":null}},"type":"if","locations":[{"start":{"line":45,"column":2},"end":{"line":47,"column":null}},{"start":{},"end":{}}],"line":45},"9":{"loc":{"start":{"line":45,"column":6},"end":{"line":45,"column":82}},"type":"binary-expr","locations":[{"start":{"line":45,"column":6},"end":{"line":45,"column":25}},{"start":{"line":45,"column":25},"end":{"line":45,"column":52}},{"start":{"line":45,"column":52},"end":{"line":45,"column":82}}],"line":45},"10":{"loc":{"start":{"line":50,"column":2},"end":{"line":52,"column":null}},"type":"if","locations":[{"start":{"line":50,"column":2},"end":{"line":52,"column":null}},{"start":{},"end":{}}],"line":50},"11":{"loc":{"start":{"line":50,"column":6},"end":{"line":50,"column":81}},"type":"binary-expr","locations":[{"start":{"line":50,"column":6},"end":{"line":50,"column":31}},{"start":{"line":50,"column":31},"end":{"line":50,"column":56}},{"start":{"line":50,"column":56},"end":{"line":50,"column":81}}],"line":50},"12":{"loc":{"start":{"line":65,"column":2},"end":{"line":67,"column":null}},"type":"if","locations":[{"start":{"line":65,"column":2},"end":{"line":67,"column":null}},{"start":{},"end":{}}],"line":65},"13":{"loc":{"start":{"line":65,"column":6},"end":{"line":65,"column":51}},"type":"binary-expr","locations":[{"start":{"line":65,"column":6},"end":{"line":65,"column":20}},{"start":{"line":65,"column":20},"end":{"line":65,"column":51}}],"line":65},"14":{"loc":{"start":{"line":71,"column":2},"end":{"line":73,"column":null}},"type":"if","locations":[{"start":{"line":71,"column":2},"end":{"line":73,"column":null}},{"start":{},"end":{}}],"line":71},"15":{"loc":{"start":{"line":76,"column":2},"end":{"line":78,"column":null}},"type":"if","locations":[{"start":{"line":76,"column":2},"end":{"line":78,"column":null}},{"start":{},"end":{}}],"line":76},"16":{"loc":{"start":{"line":81,"column":2},"end":{"line":83,"column":null}},"type":"if","locations":[{"start":{"line":81,"column":2},"end":{"line":83,"column":null}},{"start":{},"end":{}}],"line":81},"17":{"loc":{"start":{"line":89,"column":2},"end":{"line":91,"column":null}},"type":"if","locations":[{"start":{"line":89,"column":2},"end":{"line":91,"column":null}},{"start":{},"end":{}}],"line":89},"18":{"loc":{"start":{"line":104,"column":2},"end":{"line":106,"column":null}},"type":"if","locations":[{"start":{"line":104,"column":2},"end":{"line":106,"column":null}},{"start":{},"end":{}}],"line":104},"19":{"loc":{"start":{"line":104,"column":6},"end":{"line":104,"column":45}},"type":"binary-expr","locations":[{"start":{"line":104,"column":6},"end":{"line":104,"column":17}},{"start":{"line":104,"column":17},"end":{"line":104,"column":45}}],"line":104},"20":{"loc":{"start":{"line":109,"column":2},"end":{"line":111,"column":null}},"type":"if","locations":[{"start":{"line":109,"column":2},"end":{"line":111,"column":null}},{"start":{},"end":{}}],"line":109},"21":{"loc":{"start":{"line":114,"column":2},"end":{"line":116,"column":null}},"type":"if","locations":[{"start":{"line":114,"column":2},"end":{"line":116,"column":null}},{"start":{},"end":{}}],"line":114},"22":{"loc":{"start":{"line":120,"column":2},"end":{"line":122,"column":null}},"type":"if","locations":[{"start":{"line":120,"column":2},"end":{"line":122,"column":null}},{"start":{},"end":{}}],"line":120},"23":{"loc":{"start":{"line":125,"column":2},"end":{"line":127,"column":null}},"type":"if","locations":[{"start":{"line":125,"column":2},"end":{"line":127,"column":null}},{"start":{},"end":{}}],"line":125},"24":{"loc":{"start":{"line":130,"column":2},"end":{"line":132,"column":null}},"type":"if","locations":[{"start":{"line":130,"column":2},"end":{"line":132,"column":null}},{"start":{},"end":{}}],"line":130},"25":{"loc":{"start":{"line":130,"column":6},"end":{"line":130,"column":55}},"type":"binary-expr","locations":[{"start":{"line":130,"column":6},"end":{"line":130,"column":31}},{"start":{"line":130,"column":31},"end":{"line":130,"column":55}}],"line":130},"26":{"loc":{"start":{"line":139,"column":2},"end":{"line":144,"column":null}},"type":"if","locations":[{"start":{"line":139,"column":2},"end":{"line":144,"column":null}},{"start":{},"end":{}}],"line":139},"27":{"loc":{"start":{"line":156,"column":2},"end":{"line":158,"column":null}},"type":"if","locations":[{"start":{"line":156,"column":2},"end":{"line":158,"column":null}},{"start":{},"end":{}}],"line":156},"28":{"loc":{"start":{"line":160,"column":2},"end":{"line":162,"column":null}},"type":"if","locations":[{"start":{"line":160,"column":2},"end":{"line":162,"column":null}},{"start":{},"end":{}}],"line":160},"29":{"loc":{"start":{"line":168,"column":59},"end":{"line":168,"column":115}},"type":"cond-expr","locations":[{"start":{"line":168,"column":84},"end":{"line":168,"column":100}},{"start":{"line":168,"column":100},"end":{"line":168,"column":115}}],"line":168}},"s":{"0":22,"1":3,"2":19,"3":1,"4":18,"5":2,"6":16,"7":16,"8":1,"9":15,"10":3,"11":12,"12":2,"13":10,"14":2,"15":8,"16":28,"17":3,"18":25,"19":25,"20":1,"21":24,"22":3,"23":21,"24":1,"25":20,"26":20,"27":4,"28":16,"29":54,"30":4,"31":50,"32":1,"33":49,"34":2,"35":47,"36":47,"37":1,"38":46,"39":3,"40":43,"41":2,"42":41,"43":41,"44":0,"45":41,"46":17,"47":2,"48":15,"49":1,"50":14,"51":36,"52":36,"53":2,"54":9},"f":{"0":22,"1":28,"2":54,"3":17,"4":36,"5":9},"b":{"0":[22],"1":[22],"2":[3,19],"3":[22,19],"4":[1,18],"5":[2,16],"6":[1,15],"7":[3,12],"8":[2,10],"9":[12,11,10],"10":[2,8],"11":[10,2,1],"12":[3,25],"13":[28,25],"14":[1,24],"15":[3,21],"16":[1,20],"17":[4,16],"18":[4,50],"19":[54,50],"20":[1,49],"21":[2,47],"22":[1,46],"23":[3,43],"24":[2,41],"25":[43,42],"26":[0,41],"27":[2,15],"28":[1,14],"29":[2,0]},"meta":{"lastBranch":30,"lastFunction":6,"lastStatement":55,"seen":{"f:14:16:14:Infinity":0,"b:16:27:16:Infinity":0,"b:17:33:17:Infinity":1,"b:19:2:21:Infinity:undefined:undefined:undefined:undefined":2,"s:19:2:21:Infinity":0,"b:19:6:19:20:19:20:19:51":3,"s:20:4:20:Infinity":1,"b:24:2:26:Infinity:undefined:undefined:undefined:undefined":4,"s:24:2:26:Infinity":2,"s:25:4:25:Infinity":3,"b:29:2:31:Infinity:undefined:undefined:undefined:undefined":5,"s:29:2:31:Infinity":4,"s:30:4:30:Infinity":5,"s:33:18:33:Infinity":6,"b:35:2:37:Infinity:undefined:undefined:undefined:undefined":6,"s:35:2:37:Infinity":7,"s:36:4:36:Infinity":8,"b:40:2:42:Infinity:undefined:undefined:undefined:undefined":7,"s:40:2:42:Infinity":9,"s:41:4:41:Infinity":10,"b:45:2:47:Infinity:undefined:undefined:undefined:undefined":8,"s:45:2:47:Infinity":11,"b:45:6:45:25:45:25:45:52:45:52:45:82":9,"s:46:4:46:Infinity":12,"b:50:2:52:Infinity:undefined:undefined:undefined:undefined":10,"s:50:2:52:Infinity":13,"b:50:6:50:31:50:31:50:56:50:56:50:81":11,"s:51:4:51:Infinity":14,"s:54:2:54:Infinity":15,"f:64:16:64:34":1,"b:65:2:67:Infinity:undefined:undefined:undefined:undefined":12,"s:65:2:67:Infinity":16,"b:65:6:65:20:65:20:65:51":13,"s:66:4:66:Infinity":17,"s:69:18:69:Infinity":18,"b:71:2:73:Infinity:undefined:undefined:undefined:undefined":14,"s:71:2:73:Infinity":19,"s:72:4:72:Infinity":20,"b:76:2:78:Infinity:undefined:undefined:undefined:undefined":15,"s:76:2:78:Infinity":21,"s:77:4:77:Infinity":22,"b:81:2:83:Infinity:undefined:undefined:undefined:undefined":16,"s:81:2:83:Infinity":23,"s:82:4:82:Infinity":24,"s:87:25:87:Infinity":25,"b:89:2:91:Infinity:undefined:undefined:undefined:undefined":17,"s:89:2:91:Infinity":26,"s:90:4:90:Infinity":27,"s:93:2:93:Infinity":28,"f:103:16:103:31":2,"b:104:2:106:Infinity:undefined:undefined:undefined:undefined":18,"s:104:2:106:Infinity":29,"b:104:6:104:17:104:17:104:45":19,"s:105:4:105:Infinity":30,"b:109:2:111:Infinity:undefined:undefined:undefined:undefined":20,"s:109:2:111:Infinity":31,"s:110:4:110:Infinity":32,"b:114:2:116:Infinity:undefined:undefined:undefined:undefined":21,"s:114:2:116:Infinity":33,"s:115:4:115:Infinity":34,"s:118:18:118:Infinity":35,"b:120:2:122:Infinity:undefined:undefined:undefined:undefined":22,"s:120:2:122:Infinity":36,"s:121:4:121:Infinity":37,"b:125:2:127:Infinity:undefined:undefined:undefined:undefined":23,"s:125:2:127:Infinity":38,"s:126:4:126:Infinity":39,"b:130:2:132:Infinity:undefined:undefined:undefined:undefined":24,"s:130:2:132:Infinity":40,"b:130:6:130:31:130:31:130:55":25,"s:131:4:131:Infinity":41,"s:137:22:137:Infinity":42,"b:139:2:144:Infinity:undefined:undefined:undefined:undefined":26,"s:139:2:144:Infinity":43,"s:143:4:143:Infinity":44,"s:146:2:146:Infinity":45,"f:155:16:155:32":3,"b:156:2:158:Infinity:undefined:undefined:undefined:undefined":27,"s:156:2:158:Infinity":46,"s:157:4:157:Infinity":47,"b:160:2:162:Infinity:undefined:undefined:undefined:undefined":28,"s:160:2:162:Infinity":48,"s:161:4:161:Infinity":49,"s:164:2:170:Infinity":50,"f:164:21:164:22":4,"s:165:4:169:Infinity":51,"s:166:6:166:Infinity":52,"s:168:6:168:Infinity":53,"b:168:84:168:100:168:100:168:115":29,"f:179:16:179:37":5,"s:182:2:182:Infinity":54}}}
}
